build/app/intermediates/manifest_merge_blame_file/debug/manifest-merger-blame-debug-report.txt
1<?xml version="1.0" encoding="utf-8"?>
2<manifest xmlns:android="http://schemas.android.com/apk/res/android"
3    package="com.example.nsic"
4    android:versionCode="1"
5    android:versionName="1.0.0" >
6
7    <uses-sdk
8        android:minSdkVersion="19"
9        android:targetSdkVersion="33" />
10    <!--
11         The INTERNET permission is required for development. Specifically,
12         the Flutter tool needs it to communicate with the running application
13         to allow setting breakpoints, to provide hot reload, etc.
14    -->
15    <uses-permission android:name="android.permission.INTERNET" />
15-->src\main\AndroidManifest.xml:21:5-67
15-->src\main\AndroidManifest.xml:21:22-64
16
17    <queries>
17-->src\main\AndroidManifest.xml:4:5-20:15
18        <intent>
18-->src\main\AndroidManifest.xml:5:9-9:18
19            <action android:name="android.intent.action.VIEW" />
19-->src\main\AndroidManifest.xml:6:13-65
19-->src\main\AndroidManifest.xml:6:21-62
20
21            <category android:name="android.intent.category.BROWSABLE" />
21-->src\main\AndroidManifest.xml:7:13-74
21-->src\main\AndroidManifest.xml:7:23-71
22
23            <data android:scheme="https" />
23-->src\main\AndroidManifest.xml:8:13-44
23-->src\main\AndroidManifest.xml:8:19-41
24        </intent>
25        <intent>
25-->src\main\AndroidManifest.xml:10:9-14:18
26            <action android:name="android.intent.action.VIEW" />
26-->src\main\AndroidManifest.xml:6:13-65
26-->src\main\AndroidManifest.xml:6:21-62
27
28            <category android:name="android.intent.category.BROWSABLE" />
28-->src\main\AndroidManifest.xml:7:13-74
28-->src\main\AndroidManifest.xml:7:23-71
29
30            <data android:scheme="http" />
30-->src\main\AndroidManifest.xml:8:13-44
30-->src\main\AndroidManifest.xml:8:19-41
31        </intent>
32        <intent>
32-->src\main\AndroidManifest.xml:15:9-19:18
33            <action android:name="android.intent.action.VIEW" />
33-->src\main\AndroidManifest.xml:6:13-65
33-->src\main\AndroidManifest.xml:6:21-62
34            <!-- If you don't know the MIME type in advance, set "mimeType" to "*/*". -->
35            <data android:mimeType="application/pdf" />
35-->src\main\AndroidManifest.xml:8:13-44
36        </intent>
37        <intent>
37-->[:file_picker] AndroidManifest.xml:12:9-16:18
38            <action android:name="android.intent.action.GET_CONTENT" />
38-->[:file_picker] AndroidManifest.xml:13:13-72
38-->[:file_picker] AndroidManifest.xml:13:21-69
39
40            <data android:mimeType="*/*" />
40-->src\main\AndroidManifest.xml:8:13-44
41        </intent>
42    </queries>
43
44    <uses-permission android:name="android.permission.ACCESS_NETWORK_STATE" />
44-->src\main\AndroidManifest.xml:22:5-79
44-->src\main\AndroidManifest.xml:22:22-76
45    <uses-permission android:name="com.google.android.gms.permission.AD_ID" />
45-->src\main\AndroidManifest.xml:23:5-78
45-->src\main\AndroidManifest.xml:23:22-76
46    <uses-permission android:name="com.google.android.gms.permission.AD_ID" />
46-->src\main\AndroidManifest.xml:23:5-78
46-->src\main\AndroidManifest.xml:23:22-76
47    <uses-permission
47-->src\main\AndroidManifest.xml:25:5-80
48        android:name="android.permission.READ_EXTERNAL_STORAGE"
48-->src\main\AndroidManifest.xml:25:22-77
49        android:maxSdkVersion="32" />
49-->[:open_file_plus] AndroidManifest.xml:12:9-35
50    <uses-permission android:name="android.permission.WRITE_EXTERNAL_STORAGE" />
50-->src\main\AndroidManifest.xml:26:5-81
50-->src\main\AndroidManifest.xml:26:22-78
51    <uses-permission android:name="android.permission.READ_MEDIA_IMAGES" />
51-->src\main\AndroidManifest.xml:27:5-75
51-->src\main\AndroidManifest.xml:27:22-73
52    <uses-permission android:name="android.permission.READ_MEDIA_VIDEO" />
52-->src\main\AndroidManifest.xml:28:5-74
52-->src\main\AndroidManifest.xml:28:22-72
53    <uses-permission android:name="android.permission.READ_MEDIA_AUDIO" />
53-->src\main\AndroidManifest.xml:29:5-74
53-->src\main\AndroidManifest.xml:29:22-72
54    <uses-permission android:name="android.permission.MANAGE_EXTERNAL_STORAGE" />
54-->src\main\AndroidManifest.xml:30:5-81
54-->src\main\AndroidManifest.xml:30:22-79
55
56    <application
57        android:name="android.app.Application"
58        android:appComponentFactory="androidx.core.app.CoreComponentFactory"
58-->[androidx.core:core:1.6.0] AndroidManifest.xml:24:18-86
59        android:debuggable="true"
60        android:icon="@mipmap/ic_launcher"
61        android:label="nsic"
62        android:usesCleartextTraffic="true" >
63        <activity
64            android:name="com.example.nsic.MainActivity"
65            android:configChanges="orientation|keyboardHidden|keyboard|screenSize|smallestScreenSize|locale|layoutDirection|fontScale|screenLayout|density|uiMode"
66            android:exported="true"
67            android:hardwareAccelerated="true"
68            android:launchMode="singleTop"
69            android:theme="@style/LaunchTheme"
70            android:windowSoftInputMode="adjustResize" >
71
72            <!--
73                 Specifies an Android theme to apply to this Activity as soon as
74                 the Android process has started. This theme is visible to the user
75                 while the Flutter UI initializes. After that, this theme continues
76                 to determine the Window background behind the Flutter UI.
77            -->
78            <meta-data
79                android:name="io.flutter.embedding.android.NormalTheme"
80                android:resource="@style/NormalTheme" />
81
82            <intent-filter>
83                <action android:name="android.intent.action.MAIN" />
84
85                <category android:name="android.intent.category.LAUNCHER" />
86            </intent-filter>
87        </activity>
88        <!--
89             Don't delete the meta-data below.
90             This is used by the Flutter tool to generate GeneratedPluginRegistrant.java
91        -->
92        <meta-data
93            android:name="flutterEmbedding"
94            android:value="2" />
95
96        <activity
96-->[:url_launcher_android] AndroidManifest.xml:10:9-13:74
97            android:name="io.flutter.plugins.urllauncher.WebViewActivity"
97-->[:url_launcher_android] AndroidManifest.xml:11:13-74
98            android:exported="false"
98-->[:url_launcher_android] AndroidManifest.xml:12:13-37
99            android:theme="@android:style/Theme.NoTitleBar.Fullscreen" />
99-->[:url_launcher_android] AndroidManifest.xml:13:13-71
100
101        <provider
101-->[:open_file_plus] AndroidManifest.xml:15:9-24:20
102            android:name="com.joutvhu.openfile.FileProvider"
102-->[:open_file_plus] AndroidManifest.xml:16:13-61
103            android:authorities="com.example.nsic.fileProvider.com.joutvhu.openfile"
103-->[:open_file_plus] AndroidManifest.xml:17:13-85
104            android:exported="false"
104-->[:open_file_plus] AndroidManifest.xml:18:13-37
105            android:grantUriPermissions="true" >
105-->[:open_file_plus] AndroidManifest.xml:19:13-47
106            <meta-data
106-->[:open_file_plus] AndroidManifest.xml:21:13-23:53
107                android:name="android.support.FILE_PROVIDER_PATHS"
107-->[:open_file_plus] AndroidManifest.xml:22:17-67
108                android:resource="@xml/filepaths" />
108-->[:open_file_plus] AndroidManifest.xml:23:17-50
109        </provider>
110
111        <uses-library
111-->[androidx.window:window:1.0.0-beta04] AndroidManifest.xml:25:9-27:40
112            android:name="androidx.window.extensions"
112-->[androidx.window:window:1.0.0-beta04] AndroidManifest.xml:26:13-54
113            android:required="false" />
113-->[androidx.window:window:1.0.0-beta04] AndroidManifest.xml:27:13-37
114        <uses-library
114-->[androidx.window:window:1.0.0-beta04] AndroidManifest.xml:28:9-30:40
115            android:name="androidx.window.sidecar"
115-->[androidx.window:window:1.0.0-beta04] AndroidManifest.xml:29:13-51
116            android:required="false" />
116-->[androidx.window:window:1.0.0-beta04] AndroidManifest.xml:30:13-37
117    </application>
118
119</manifest>